        -:    0:Source:C:/Users/Ale/CLionProjects/labQTFinal/Tests.cpp
        -:    0:Graph:C:\Users\Ale\CLionProjects\labQTFinal\cmake-build-debug-coverage\CMakeFiles\labQTFinal.dir\Tests.cpp.gcno
        -:    0:Data:C:\Users\Ale\CLionProjects\labQTFinal\cmake-build-debug-coverage\CMakeFiles\labQTFinal.dir\Tests.cpp.gcda
        -:    0:Runs:1
        -:    1://
        -:    2:// Created by Ale on 5/2/2023.
        -:    3://
        -:    4:
        -:    5:#include "Tests.h"
        -:    6:#include "Service.h"
        -:    7:#include <fstream>
        -:    8:
function _ZN5Tests7testAllEv called 0 returned 0% blocks executed 0%
    #####:    9:void Tests::testAll() {
    #####:   10:    testOferta();
    %%%%%:   10-block  0
call    0 never executed
        -:   11:    //testIO();
    #####:   12:    testRepo();
call    0 never executed
    #####:   13:    testRepoFile();
call    0 never executed
    #####:   14:    testService();
call    0 never executed
        -:   15://    testUndo();
    #####:   16:}
        -:   17:
function _ZN5Tests10testOfertaEv called 0 returned 0% blocks executed 0%
    #####:   18:void Tests::testOferta() {
        -:   19:    Validator validator;
    #####:   20:    Oferta *oferta1 = new Oferta("1", "1", 1, "1");
    %%%%%:   20-block  0
call    0 never executed
call    1 never executed
branch  2 never executed
branch  3 never executed
    %%%%%:   20-block  1
call    4 never executed
call    5 never executed
branch  6 never executed
branch  7 never executed
    %%%%%:   20-block  2
call    8 never executed
call    9 never executed
branch 10 never executed
branch 11 never executed
    %%%%%:   20-block  3
call   12 never executed
branch 13 never executed
branch 14 never executed
    %%%%%:   20-block  4
call   15 never executed
branch 16 never executed
branch 17 never executed
    %%%%%:   20-block  5
call   18 never executed
call   19 never executed
call   20 never executed
call   21 never executed
call   22 never executed
call   23 never executed
    $$$$$:   20-block  6
call   24 never executed
    $$$$$:   20-block  7
call   25 never executed
    $$$$$:   20-block  8
    $$$$$:   20-block  9
call   26 never executed
    $$$$$:   20-block 10
    $$$$$:   20-block 11
call   27 never executed
    $$$$$:   20-block 12
    $$$$$:   20-block 13
call   28 never executed
    $$$$$:   20-block 14
    $$$$$:   20-block 15
call   29 never executed
    $$$$$:   20-block 16
    $$$$$:   20-block 17
call   30 never executed
    $$$$$:   20-block 18
    #####:   21:    Oferta *oferta2 = new Oferta(*oferta1);
call    0 never executed
branch  1 never executed
branch  2 never executed
    %%%%%:   21-block  0
call    3 never executed
branch  4 never executed
branch  5 never executed
    $$$$$:   21-block  1
call    6 never executed
    #####:   22:    Oferta *oferta3 = new Oferta();
    %%%%%:   22-block  0
call    0 never executed
branch  1 never executed
branch  2 never executed
    %%%%%:   22-block  1
call    3 never executed
    #####:   23:    *oferta3 = *oferta1;
call    0 never executed
branch  1 never executed
branch  2 never executed
    #####:   24:    assert(*oferta1 == *oferta2);
    %%%%%:   24-block  0
call    0 never executed
branch  1 never executed
branch  2 never executed
    %%%%%:   24-block  1
branch  3 never executed
branch  4 never executed
    %%%%%:   24-block  2
call    5 never executed
branch  6 never executed
branch  7 never executed
    %%%%%:   24-block  3
    %%%%%:   24-block  4
        -:   25:
    #####:   26:    assert(oferta1->getDenumire() == "1");
    %%%%%:   26-block  0
call    0 never executed
branch  1 never executed
branch  2 never executed
    %%%%%:   26-block  1
call    3 never executed
branch  4 never executed
branch  5 never executed
    %%%%%:   26-block  2
call    6 never executed
branch  7 never executed
branch  8 never executed
    %%%%%:   26-block  3
    %%%%%:   26-block  4
    %%%%%:   26-block  5
branch  9 never executed
branch 10 never executed
    %%%%%:   26-block  6
call   11 never executed
    $$$$$:   26-block  7
branch 12 never executed
branch 13 never executed
    $$$$$:   26-block  8
call   14 never executed
    $$$$$:   26-block  9
    #####:   27:    assert(oferta1->getDestinatie() == "1");
    %%%%%:   27-block  0
call    0 never executed
branch  1 never executed
branch  2 never executed
    %%%%%:   27-block  1
call    3 never executed
branch  4 never executed
branch  5 never executed
    %%%%%:   27-block  2
call    6 never executed
branch  7 never executed
branch  8 never executed
    %%%%%:   27-block  3
    %%%%%:   27-block  4
    %%%%%:   27-block  5
branch  9 never executed
branch 10 never executed
    %%%%%:   27-block  6
call   11 never executed
    $$$$$:   27-block  7
branch 12 never executed
branch 13 never executed
    $$$$$:   27-block  8
call   14 never executed
    $$$$$:   27-block  9
    #####:   28:    assert(oferta1->getPret() == 1);
    %%%%%:   28-block  0
call    0 never executed
branch  1 never executed
branch  2 never executed
    %%%%%:   28-block  1
branch  3 never executed
branch  4 never executed
    %%%%%:   28-block  2
call    5 never executed
branch  6 never executed
branch  7 never executed
    %%%%%:   28-block  3
    %%%%%:   28-block  4
    #####:   29:    assert(oferta1->getTip() == "1");
    %%%%%:   29-block  0
call    0 never executed
branch  1 never executed
branch  2 never executed
    %%%%%:   29-block  1
call    3 never executed
branch  4 never executed
branch  5 never executed
    %%%%%:   29-block  2
call    6 never executed
branch  7 never executed
branch  8 never executed
    %%%%%:   29-block  3
    %%%%%:   29-block  4
    %%%%%:   29-block  5
branch  9 never executed
branch 10 never executed
    %%%%%:   29-block  6
call   11 never executed
    $$$$$:   29-block  7
branch 12 never executed
branch 13 never executed
    $$$$$:   29-block  8
call   14 never executed
    $$$$$:   29-block  9
        -:   30:
    #####:   31:    validator.validateOferta(*oferta1);
    %%%%%:   31-block  0
call    0 never executed
branch  1 never executed
branch  2 never executed
        -:   32:
    #####:   33:    string s = oferta1->toString();
    %%%%%:   33-block  0
call    0 never executed
branch  1 never executed
branch  2 never executed
        -:   34:
    #####:   35:    oferta1->setDenumire("");
    %%%%%:   35-block  0
call    0 never executed
call    1 never executed
branch  2 never executed
branch  3 never executed
    %%%%%:   35-block  1
call    4 never executed
branch  5 never executed
branch  6 never executed
    %%%%%:   35-block  2
call    7 never executed
call    8 never executed
    $$$$$:   35-block  3
call    9 never executed
    $$$$$:   35-block  4
    $$$$$:   35-block  5
call   10 never executed
    $$$$$:   35-block  6
    #####:   36:    oferta1->setDestinatie("");
call    0 never executed
call    1 never executed
branch  2 never executed
branch  3 never executed
    %%%%%:   36-block  0
call    4 never executed
branch  5 never executed
branch  6 never executed
    %%%%%:   36-block  1
call    7 never executed
call    8 never executed
    $$$$$:   36-block  2
call    9 never executed
    $$$$$:   36-block  3
    $$$$$:   36-block  4
call   10 never executed
    $$$$$:   36-block  5
    #####:   37:    oferta1->setPret(-24);
call    0 never executed
branch  1 never executed
branch  2 never executed
    #####:   38:    oferta1->setTip("");
    %%%%%:   38-block  0
call    0 never executed
call    1 never executed
branch  2 never executed
branch  3 never executed
    %%%%%:   38-block  1
call    4 never executed
branch  5 never executed
branch  6 never executed
    %%%%%:   38-block  2
call    7 never executed
call    8 never executed
    $$$$$:   38-block  3
call    9 never executed
    $$$$$:   38-block  4
    $$$$$:   38-block  5
call   10 never executed
    $$$$$:   38-block  6
    #####:   39:    assert(*oferta1 != *oferta3);
call    0 never executed
branch  1 never executed
branch  2 never executed
    %%%%%:   39-block  0
branch  3 never executed
branch  4 never executed
    %%%%%:   39-block  1
call    5 never executed
branch  6 never executed
branch  7 never executed
    %%%%%:   39-block  2
    %%%%%:   39-block  3
        -:   40:    try {
    #####:   41:        validator.validateOferta(*oferta1);
    %%%%%:   41-block  0
call    0 never executed
branch  1 never executed
branch  2 never executed
        -:   42:    }
    =====:   43:    catch (ValidationException &exception) {
    $$$$$:   43-block  0
branch  0 never executed
branch  1 never executed
    $$$$$:   43-block  1
call    2 never executed
        -:   44:        assert(true);
    =====:   45:    }
call    0 never executed
branch  1 never executed
branch  2 never executed
        -:   46:
    #####:   47:    Oferta cm1 = std::move(*oferta1);
    %%%%%:   47-block  0
call    0 never executed
call    1 never executed
    #####:   48:    assert(cm1.getDenumire().empty());
call    0 never executed
branch  1 never executed
branch  2 never executed
    %%%%%:   48-block  0
call    3 never executed
branch  4 never executed
branch  5 never executed
    %%%%%:   48-block  1
call    6 never executed
branch  7 never executed
branch  8 never executed
    %%%%%:   48-block  2
    %%%%%:   48-block  3
    %%%%%:   48-block  4
branch  9 never executed
branch 10 never executed
    %%%%%:   48-block  5
call   11 never executed
    $$$$$:   48-block  6
branch 12 never executed
branch 13 never executed
    $$$$$:   48-block  7
call   14 never executed
    $$$$$:   48-block  8
    #####:   49:    auto *cm2 = new Oferta(std::move(*oferta3));
    %%%%%:   49-block  0
call    0 never executed
call    1 never executed
branch  2 never executed
branch  3 never executed
    %%%%%:   49-block  1
call    4 never executed
    #####:   50:    assert(cm2->getDenumire() == "1");
call    0 never executed
branch  1 never executed
branch  2 never executed
    %%%%%:   50-block  0
call    3 never executed
branch  4 never executed
branch  5 never executed
    %%%%%:   50-block  1
call    6 never executed
branch  7 never executed
branch  8 never executed
    %%%%%:   50-block  2
    %%%%%:   50-block  3
    %%%%%:   50-block  4
branch  9 never executed
branch 10 never executed
    %%%%%:   50-block  5
call   11 never executed
    $$$$$:   50-block  6
branch 12 never executed
branch 13 never executed
    $$$$$:   50-block  7
call   14 never executed
    $$$$$:   50-block  8
        -:   51:
        -:   52:
    #####:   53:    auto cm3 = new Oferta();
    %%%%%:   53-block  0
call    0 never executed
branch  1 never executed
branch  2 never executed
    %%%%%:   53-block  1
call    3 never executed
    #####:   54:    *cm3 = std::move(*cm2);
call    0 never executed
call    1 never executed
        -:   55:
    #####:   56:    assert(cm3->getDenumire() == "1");
call    0 never executed
branch  1 never executed
branch  2 never executed
    %%%%%:   56-block  0
call    3 never executed
branch  4 never executed
branch  5 never executed
    %%%%%:   56-block  1
call    6 never executed
branch  7 never executed
branch  8 never executed
    %%%%%:   56-block  2
    %%%%%:   56-block  3
    %%%%%:   56-block  4
branch  9 never executed
branch 10 never executed
    %%%%%:   56-block  5
call   11 never executed
    $$$$$:   56-block  6
branch 12 never executed
branch 13 never executed
    $$$$$:   56-block  7
call   14 never executed
    $$$$$:   56-block  8
        -:   57:
        -:   58:
    #####:   59:    delete oferta1;
    %%%%%:   59-block  0
branch  0 never executed
branch  1 never executed
    %%%%%:   59-block  1
call    2 never executed
call    3 never executed
    #####:   60:    delete oferta2;
    %%%%%:   60-block  0
branch  0 never executed
branch  1 never executed
    %%%%%:   60-block  1
call    2 never executed
call    3 never executed
    #####:   61:    delete oferta3;
    %%%%%:   61-block  0
branch  0 never executed
branch  1 never executed
    %%%%%:   61-block  1
call    2 never executed
call    3 never executed
    #####:   62:    delete cm3;
    %%%%%:   62-block  0
branch  0 never executed
branch  1 never executed
    %%%%%:   62-block  1
call    2 never executed
call    3 never executed
    #####:   63:    delete cm2;
    %%%%%:   63-block  0
branch  0 never executed
branch  1 never executed
    %%%%%:   63-block  1
call    2 never executed
call    3 never executed
    #####:   64:}
    %%%%%:   64-block  0
call    0 never executed
call    1 never executed
    $$$$$:   64-block  1
call    2 never executed
    $$$$$:   64-block  2
call    3 never executed
        -:   65:
        -:   66://void Tests::testIO() {
        -:   67://    Oferta *oferta = new Oferta("1", "1", 1, "1");
        -:   68://    Oferta *oferta2 = new Oferta();
        -:   69://
        -:   70://    Oferta aux;
        -:   71://    ofstream fout("out");
        -:   72://    ifstream fin("in");
        -:   73://
        -:   74://    fout << *oferta;
        -:   75://    fin >> *oferta2;
        -:   76://    fin >> aux;
        -:   77://    assert(oferta2->getDenumire() == "1");
        -:   78://
        -:   79://
        -:   80://    delete oferta;
        -:   81://    delete oferta2;
        -:   82://    fin.close();
        -:   83://    fout.close();
        -:   84://}
        -:   85:
function _ZN5Tests8testRepoEv called 0 returned 0% blocks executed 0%
    #####:   86:void Tests::testRepo() {
    #####:   87:    OfertaRepo repo;
    %%%%%:   87-block  0
call    0 never executed
    #####:   88:    Oferta oferta1 = Oferta("1", "1", 1, "1");
call    0 never executed
call    1 never executed
branch  2 never executed
branch  3 never executed
    %%%%%:   88-block  0
call    4 never executed
call    5 never executed
branch  6 never executed
branch  7 never executed
    %%%%%:   88-block  1
call    8 never executed
call    9 never executed
branch 10 never executed
branch 11 never executed
    %%%%%:   88-block  2
call   12 never executed
branch 13 never executed
branch 14 never executed
call   15 never executed
call   16 never executed
call   17 never executed
call   18 never executed
call   19 never executed
    $$$$$:   88-block  3
    $$$$$:   88-block  4
    $$$$$:   88-block  5
    $$$$$:   88-block  6
    $$$$$:   88-block  7
    $$$$$:   88-block  8
    #####:   89:    Oferta oferta2 = Oferta("2", "2", 2, "2");
call    0 never executed
call    1 never executed
branch  2 never executed
branch  3 never executed
    %%%%%:   89-block  0
call    4 never executed
call    5 never executed
branch  6 never executed
branch  7 never executed
    %%%%%:   89-block  1
call    8 never executed
call    9 never executed
branch 10 never executed
branch 11 never executed
    %%%%%:   89-block  2
call   12 never executed
branch 13 never executed
branch 14 never executed
call   15 never executed
call   16 never executed
call   17 never executed
call   18 never executed
call   19 never executed
    $$$$$:   89-block  3
    $$$$$:   89-block  4
    $$$$$:   89-block  5
    $$$$$:   89-block  6
    $$$$$:   89-block  7
    $$$$$:   89-block  8
    #####:   90:    Oferta oferta3 = Oferta("1", "3", 3, "3");
call    0 never executed
call    1 never executed
branch  2 never executed
branch  3 never executed
    %%%%%:   90-block  0
call    4 never executed
call    5 never executed
branch  6 never executed
branch  7 never executed
    %%%%%:   90-block  1
call    8 never executed
call    9 never executed
branch 10 never executed
branch 11 never executed
    %%%%%:   90-block  2
call   12 never executed
branch 13 never executed
branch 14 never executed
call   15 never executed
call   16 never executed
call   17 never executed
call   18 never executed
call   19 never executed
    $$$$$:   90-block  3
    $$$$$:   90-block  4
    $$$$$:   90-block  5
    $$$$$:   90-block  6
    $$$$$:   90-block  7
    $$$$$:   90-block  8
    #####:   91:    repo.add(oferta1);
call    0 never executed
branch  1 never executed
branch  2 never executed
        -:   92:    try {
    #####:   93:        repo.add(oferta1);
    %%%%%:   93-block  0
call    0 never executed
branch  1 never executed
branch  2 never executed
        -:   94:    }
    =====:   95:    catch (RepositoryException &exception) {
    $$$$$:   95-block  0
branch  0 never executed
branch  1 never executed
    $$$$$:   95-block  1
call    2 never executed
        -:   96:        assert(true);
    =====:   97:    }
call    0 never executed
branch  1 never executed
branch  2 never executed
        -:   98:    try {
    #####:   99:        repo.remove(oferta2);
    %%%%%:   99-block  0
call    0 never executed
branch  1 never executed
branch  2 never executed
        -:  100:
        -:  101:    }
    =====:  102:    catch (RepositoryException &exception) {
    $$$$$:  102-block  0
branch  0 never executed
branch  1 never executed
    $$$$$:  102-block  1
call    2 never executed
        -:  103:        assert(true);
    =====:  104:    }
call    0 never executed
branch  1 never executed
branch  2 never executed
        -:  105:    try {
    #####:  106:        repo.update(oferta2);
    %%%%%:  106-block  0
call    0 never executed
branch  1 never executed
branch  2 never executed
        -:  107:    }
    =====:  108:    catch (RepositoryException &exception) {
    $$$$$:  108-block  0
branch  0 never executed
branch  1 never executed
    $$$$$:  108-block  1
call    2 never executed
        -:  109:        assert(true);
    =====:  110:    }
call    0 never executed
branch  1 never executed
branch  2 never executed
    #####:  111:    repo.add(oferta2);
    %%%%%:  111-block  0
call    0 never executed
branch  1 never executed
branch  2 never executed
    #####:  112:    repo.remove(oferta2);
    %%%%%:  112-block  0
call    0 never executed
branch  1 never executed
branch  2 never executed
    #####:  113:    repo.update(oferta3);
    %%%%%:  113-block  0
call    0 never executed
branch  1 never executed
branch  2 never executed
    #####:  114:    assert(repo.getAll().size() == 1);
    %%%%%:  114-block  0
call    0 never executed
branch  1 never executed
branch  2 never executed
    %%%%%:  114-block  1
call    3 never executed
branch  4 never executed
branch  5 never executed
    %%%%%:  114-block  2
call    6 never executed
branch  7 never executed
branch  8 never executed
    %%%%%:  114-block  3
    %%%%%:  114-block  4
    #####:  115:    assert(repo.size() == 1);
    %%%%%:  115-block  0
call    0 never executed
branch  1 never executed
branch  2 never executed
    %%%%%:  115-block  1
branch  3 never executed
branch  4 never executed
    %%%%%:  115-block  2
call    5 never executed
branch  6 never executed
branch  7 never executed
    %%%%%:  115-block  3
    %%%%%:  115-block  4
        -:  116:
    #####:  117:    Oferta m = repo.getOferta(0);
    %%%%%:  117-block  0
call    0 never executed
branch  1 never executed
branch  2 never executed
    %%%%%:  117-block  1
call    3 never executed
branch  4 never executed
branch  5 never executed
        -:  118:
    #####:  119:}
    %%%%%:  119-block  0
call    0 never executed
call    1 never executed
call    2 never executed
call    3 never executed
call    4 never executed
    $$$$$:  119-block  1
call    5 never executed
    $$$$$:  119-block  2
call    6 never executed
    $$$$$:  119-block  3
call    7 never executed
    $$$$$:  119-block  4
call    8 never executed
        -:  120:
function _ZN5Tests12testRepoFileEv called 0 returned 0% blocks executed 0%
    #####:  121:void Tests::testRepoFile() {
    #####:  122:    OfertaRepoFile repo = OfertaRepoFile("../IORepoTests/test");
    %%%%%:  122-block  0
call    0 never executed
call    1 never executed
branch  2 never executed
branch  3 never executed
    %%%%%:  122-block  1
call    4 never executed
branch  5 never executed
branch  6 never executed
call    7 never executed
    $$$$$:  122-block  2
    $$$$$:  122-block  3
    #####:  123:    Oferta oferta1 = Oferta("1", "1", 1, "1");
call    0 never executed
call    1 never executed
branch  2 never executed
branch  3 never executed
    %%%%%:  123-block  0
call    4 never executed
call    5 never executed
branch  6 never executed
branch  7 never executed
    %%%%%:  123-block  1
call    8 never executed
call    9 never executed
branch 10 never executed
branch 11 never executed
    %%%%%:  123-block  2
call   12 never executed
branch 13 never executed
branch 14 never executed
call   15 never executed
call   16 never executed
call   17 never executed
call   18 never executed
call   19 never executed
    $$$$$:  123-block  3
    $$$$$:  123-block  4
    $$$$$:  123-block  5
    $$$$$:  123-block  6
    $$$$$:  123-block  7
    $$$$$:  123-block  8
    #####:  124:    Oferta oferta2 = Oferta("2", "2", 2, "2");
call    0 never executed
call    1 never executed
branch  2 never executed
branch  3 never executed
    %%%%%:  124-block  0
call    4 never executed
call    5 never executed
branch  6 never executed
branch  7 never executed
    %%%%%:  124-block  1
call    8 never executed
call    9 never executed
branch 10 never executed
branch 11 never executed
    %%%%%:  124-block  2
call   12 never executed
branch 13 never executed
branch 14 never executed
call   15 never executed
call   16 never executed
call   17 never executed
call   18 never executed
call   19 never executed
    $$$$$:  124-block  3
    $$$$$:  124-block  4
    $$$$$:  124-block  5
    $$$$$:  124-block  6
    $$$$$:  124-block  7
    $$$$$:  124-block  8
    #####:  125:    Oferta oferta3 = Oferta("1", "3", 3, "3");
call    0 never executed
call    1 never executed
branch  2 never executed
branch  3 never executed
    %%%%%:  125-block  0
call    4 never executed
call    5 never executed
branch  6 never executed
branch  7 never executed
    %%%%%:  125-block  1
call    8 never executed
call    9 never executed
branch 10 never executed
branch 11 never executed
    %%%%%:  125-block  2
call   12 never executed
branch 13 never executed
branch 14 never executed
call   15 never executed
call   16 never executed
call   17 never executed
call   18 never executed
call   19 never executed
    $$$$$:  125-block  3
    $$$$$:  125-block  4
    $$$$$:  125-block  5
    $$$$$:  125-block  6
    $$$$$:  125-block  7
    $$$$$:  125-block  8
    #####:  126:    repo.add(oferta1);
call    0 never executed
branch  1 never executed
branch  2 never executed
        -:  127:    try {
    #####:  128:        repo.add(oferta1);
    %%%%%:  128-block  0
call    0 never executed
branch  1 never executed
branch  2 never executed
        -:  129:    }
    =====:  130:    catch (RepositoryException &exception) {
    $$$$$:  130-block  0
branch  0 never executed
branch  1 never executed
    $$$$$:  130-block  1
call    2 never executed
        -:  131:        assert(true);
    =====:  132:    }
call    0 never executed
branch  1 never executed
branch  2 never executed
        -:  133:    try {
    #####:  134:        repo.remove(oferta2);
    %%%%%:  134-block  0
call    0 never executed
branch  1 never executed
branch  2 never executed
        -:  135:    }
    =====:  136:    catch (RepositoryException &exception) {
    $$$$$:  136-block  0
branch  0 never executed
branch  1 never executed
    $$$$$:  136-block  1
call    2 never executed
        -:  137:        assert(true);
    =====:  138:    }
call    0 never executed
branch  1 never executed
branch  2 never executed
        -:  139:    try {
    #####:  140:        repo.update(oferta2);
    %%%%%:  140-block  0
call    0 never executed
branch  1 never executed
branch  2 never executed
        -:  141:    }
    =====:  142:    catch (RepositoryException &exception) {
    $$$$$:  142-block  0
branch  0 never executed
branch  1 never executed
    $$$$$:  142-block  1
call    2 never executed
        -:  143:        assert(true);
    =====:  144:    }
call    0 never executed
branch  1 never executed
branch  2 never executed
    #####:  145:    repo.add(oferta2);
    %%%%%:  145-block  0
call    0 never executed
branch  1 never executed
branch  2 never executed
    #####:  146:    repo.remove(oferta2);
    %%%%%:  146-block  0
call    0 never executed
branch  1 never executed
branch  2 never executed
    #####:  147:    repo.update(oferta3);
    %%%%%:  147-block  0
call    0 never executed
branch  1 never executed
branch  2 never executed
    #####:  148:    assert(repo.getAll().size() == 1);
    %%%%%:  148-block  0
call    0 never executed
branch  1 never executed
branch  2 never executed
    %%%%%:  148-block  1
call    3 never executed
branch  4 never executed
branch  5 never executed
    %%%%%:  148-block  2
call    6 never executed
branch  7 never executed
branch  8 never executed
    %%%%%:  148-block  3
    %%%%%:  148-block  4
    #####:  149:    assert(repo.size() == 1);
    %%%%%:  149-block  0
call    0 never executed
branch  1 never executed
branch  2 never executed
    %%%%%:  149-block  1
branch  3 never executed
branch  4 never executed
    %%%%%:  149-block  2
call    5 never executed
branch  6 never executed
branch  7 never executed
    %%%%%:  149-block  3
    %%%%%:  149-block  4
        -:  150:
    #####:  151:    Oferta m = repo.getOferta(0);
    %%%%%:  151-block  0
call    0 never executed
branch  1 never executed
branch  2 never executed
    %%%%%:  151-block  1
call    3 never executed
branch  4 never executed
branch  5 never executed
    #####:  152:    repo.remove(oferta3);
    %%%%%:  152-block  0
call    0 never executed
branch  1 never executed
branch  2 never executed
        -:  153:
    #####:  154:}
    %%%%%:  154-block  0
call    0 never executed
call    1 never executed
call    2 never executed
call    3 never executed
call    4 never executed
    $$$$$:  154-block  1
call    5 never executed
    $$$$$:  154-block  2
call    6 never executed
    $$$$$:  154-block  3
call    7 never executed
    $$$$$:  154-block  4
call    8 never executed
    $$$$$:  154-block  5
call    9 never executed
        -:  155:
function _ZN5Tests11testServiceEv called 0 returned 0% blocks executed 0%
    #####:  156:void Tests::testService() {
    #####:  157:    AbsRepo *repo = new OfertaRepoFile("../IORepoTests/testService");
    %%%%%:  157-block  0
call    0 never executed
call    1 never executed
branch  2 never executed
branch  3 never executed
    %%%%%:  157-block  1
call    4 never executed
branch  5 never executed
branch  6 never executed
    %%%%%:  157-block  2
call    7 never executed
branch  8 never executed
branch  9 never executed
    %%%%%:  157-block  3
call   10 never executed
call   11 never executed
    $$$$$:  157-block  4
call   12 never executed
    $$$$$:  157-block  5
call   13 never executed
    $$$$$:  157-block  6
    $$$$$:  157-block  7
call   14 never executed
    $$$$$:  157-block  8
        -:  158:    Validator validator;
    #####:  159:    Service service = Service(repo, validator);
call    0 never executed
branch  1 never executed
branch  2 never executed
        -:  160:
    #####:  161:    service.addOferta("1", "1", 1, "1");
    %%%%%:  161-block  0
call    0 never executed
call    1 never executed
branch  2 never executed
branch  3 never executed
    %%%%%:  161-block  1
call    4 never executed
call    5 never executed
branch  6 never executed
branch  7 never executed
    %%%%%:  161-block  2
call    8 never executed
call    9 never executed
branch 10 never executed
branch 11 never executed
    %%%%%:  161-block  3
call   12 never executed
branch 13 never executed
branch 14 never executed
    %%%%%:  161-block  4
call   15 never executed
call   16 never executed
call   17 never executed
call   18 never executed
call   19 never executed
call   20 never executed
    $$$$$:  161-block  5
call   21 never executed
    $$$$$:  161-block  6
    $$$$$:  161-block  7
call   22 never executed
    $$$$$:  161-block  8
    $$$$$:  161-block  9
call   23 never executed
    $$$$$:  161-block 10
    $$$$$:  161-block 11
call   24 never executed
    $$$$$:  161-block 12
    $$$$$:  161-block 13
call   25 never executed
    $$$$$:  161-block 14
    $$$$$:  161-block 15
call   26 never executed
    $$$$$:  161-block 16
        -:  162:    try {
    #####:  163:        service.addOferta("1", "1", 1, "1");
call    0 never executed
call    1 never executed
branch  2 never executed
branch  3 never executed
    %%%%%:  163-block  0
call    4 never executed
call    5 never executed
branch  6 never executed
branch  7 never executed
    %%%%%:  163-block  1
call    8 never executed
call    9 never executed
branch 10 never executed
branch 11 never executed
    %%%%%:  163-block  2
call   12 never executed
branch 13 never executed
branch 14 never executed
    %%%%%:  163-block  3
call   15 never executed
call   16 never executed
call   17 never executed
call   18 never executed
call   19 never executed
call   20 never executed
    $$$$$:  163-block  4
call   21 never executed
    $$$$$:  163-block  5
    $$$$$:  163-block  6
call   22 never executed
    $$$$$:  163-block  7
    $$$$$:  163-block  8
call   23 never executed
    $$$$$:  163-block  9
    $$$$$:  163-block 10
call   24 never executed
    $$$$$:  163-block 11
    $$$$$:  163-block 12
call   25 never executed
    $$$$$:  163-block 13
    $$$$$:  163-block 14
call   26 never executed
    $$$$$:  163-block 15
        -:  164:    }
    =====:  165:    catch (RepositoryException &exception) {
    $$$$$:  165-block  0
branch  0 never executed
branch  1 never executed
    $$$$$:  165-block  1
call    2 never executed
        -:  166:        assert(true);
    =====:  167:    }
call    0 never executed
branch  1 never executed
branch  2 never executed
        -:  168:    try {
    #####:  169:        service.addOferta("", "", -1, "");
    %%%%%:  169-block  0
call    0 never executed
call    1 never executed
branch  2 never executed
branch  3 never executed
    %%%%%:  169-block  1
call    4 never executed
call    5 never executed
branch  6 never executed
branch  7 never executed
    %%%%%:  169-block  2
call    8 never executed
call    9 never executed
branch 10 never executed
branch 11 never executed
    %%%%%:  169-block  3
call   12 never executed
branch 13 never executed
branch 14 never executed
    %%%%%:  169-block  4
call   15 never executed
call   16 never executed
call   17 never executed
call   18 never executed
call   19 never executed
call   20 never executed
    $$$$$:  169-block  5
call   21 never executed
    $$$$$:  169-block  6
    $$$$$:  169-block  7
call   22 never executed
    $$$$$:  169-block  8
    $$$$$:  169-block  9
call   23 never executed
    $$$$$:  169-block 10
    $$$$$:  169-block 11
call   24 never executed
    $$$$$:  169-block 12
    $$$$$:  169-block 13
call   25 never executed
    $$$$$:  169-block 14
    $$$$$:  169-block 15
call   26 never executed
    $$$$$:  169-block 16
        -:  170:    }
    =====:  171:    catch (ValidationException &exception) {
    $$$$$:  171-block  0
branch  0 never executed
branch  1 never executed
    $$$$$:  171-block  1
call    2 never executed
        -:  172:        assert(true);
    =====:  173:    }
call    0 never executed
branch  1 never executed
branch  2 never executed
        -:  174:    try {
    #####:  175:        service.removeOferta("2", "2", 2, "2");
    %%%%%:  175-block  0
call    0 never executed
call    1 never executed
branch  2 never executed
branch  3 never executed
    %%%%%:  175-block  1
call    4 never executed
call    5 never executed
branch  6 never executed
branch  7 never executed
    %%%%%:  175-block  2
call    8 never executed
call    9 never executed
branch 10 never executed
branch 11 never executed
    %%%%%:  175-block  3
call   12 never executed
branch 13 never executed
branch 14 never executed
    %%%%%:  175-block  4
call   15 never executed
call   16 never executed
call   17 never executed
call   18 never executed
call   19 never executed
call   20 never executed
    $$$$$:  175-block  5
call   21 never executed
    $$$$$:  175-block  6
    $$$$$:  175-block  7
call   22 never executed
    $$$$$:  175-block  8
    $$$$$:  175-block  9
call   23 never executed
    $$$$$:  175-block 10
    $$$$$:  175-block 11
call   24 never executed
    $$$$$:  175-block 12
    $$$$$:  175-block 13
call   25 never executed
    $$$$$:  175-block 14
    $$$$$:  175-block 15
call   26 never executed
    $$$$$:  175-block 16
        -:  176:    }
    =====:  177:    catch (RepositoryException &exception) {
    $$$$$:  177-block  0
branch  0 never executed
branch  1 never executed
    $$$$$:  177-block  1
call    2 never executed
        -:  178:        assert(true);
    =====:  179:    }
call    0 never executed
branch  1 never executed
branch  2 never executed
        -:  180:    try {
    #####:  181:        service.updateOferta("2", "2", 2, "2");
    %%%%%:  181-block  0
call    0 never executed
call    1 never executed
branch  2 never executed
branch  3 never executed
    %%%%%:  181-block  1
call    4 never executed
call    5 never executed
branch  6 never executed
branch  7 never executed
    %%%%%:  181-block  2
call    8 never executed
call    9 never executed
branch 10 never executed
branch 11 never executed
    %%%%%:  181-block  3
call   12 never executed
branch 13 never executed
branch 14 never executed
    %%%%%:  181-block  4
call   15 never executed
call   16 never executed
call   17 never executed
call   18 never executed
call   19 never executed
call   20 never executed
    $$$$$:  181-block  5
call   21 never executed
    $$$$$:  181-block  6
    $$$$$:  181-block  7
call   22 never executed
    $$$$$:  181-block  8
    $$$$$:  181-block  9
call   23 never executed
    $$$$$:  181-block 10
    $$$$$:  181-block 11
call   24 never executed
    $$$$$:  181-block 12
    $$$$$:  181-block 13
call   25 never executed
    $$$$$:  181-block 14
    $$$$$:  181-block 15
call   26 never executed
    $$$$$:  181-block 16
        -:  182:    }
    =====:  183:    catch (RepositoryException &exception) {
    $$$$$:  183-block  0
branch  0 never executed
branch  1 never executed
    $$$$$:  183-block  1
call    2 never executed
        -:  184:        assert(true);
    =====:  185:    }
call    0 never executed
branch  1 never executed
branch  2 never executed
        -:  186:    try {
    #####:  187:        service.updateOferta("1", "", -1, "");
    %%%%%:  187-block  0
call    0 never executed
call    1 never executed
branch  2 never executed
branch  3 never executed
    %%%%%:  187-block  1
call    4 never executed
call    5 never executed
branch  6 never executed
branch  7 never executed
    %%%%%:  187-block  2
call    8 never executed
call    9 never executed
branch 10 never executed
branch 11 never executed
    %%%%%:  187-block  3
call   12 never executed
branch 13 never executed
branch 14 never executed
    %%%%%:  187-block  4
call   15 never executed
call   16 never executed
call   17 never executed
call   18 never executed
call   19 never executed
call   20 never executed
    $$$$$:  187-block  5
call   21 never executed
    $$$$$:  187-block  6
    $$$$$:  187-block  7
call   22 never executed
    $$$$$:  187-block  8
    $$$$$:  187-block  9
call   23 never executed
    $$$$$:  187-block 10
    $$$$$:  187-block 11
call   24 never executed
    $$$$$:  187-block 12
    $$$$$:  187-block 13
call   25 never executed
    $$$$$:  187-block 14
    $$$$$:  187-block 15
call   26 never executed
    $$$$$:  187-block 16
        -:  188:    }
    =====:  189:    catch (ValidationException &exception) {
    $$$$$:  189-block  0
branch  0 never executed
branch  1 never executed
    $$$$$:  189-block  1
call    2 never executed
        -:  190:        assert(true);
    =====:  191:    }
call    0 never executed
branch  1 never executed
branch  2 never executed
    #####:  192:    service.updateOferta("1", "3", 3, "3");
    %%%%%:  192-block  0
call    0 never executed
call    1 never executed
branch  2 never executed
branch  3 never executed
    %%%%%:  192-block  1
call    4 never executed
call    5 never executed
branch  6 never executed
branch  7 never executed
    %%%%%:  192-block  2
call    8 never executed
call    9 never executed
branch 10 never executed
branch 11 never executed
    %%%%%:  192-block  3
call   12 never executed
branch 13 never executed
branch 14 never executed
    %%%%%:  192-block  4
call   15 never executed
call   16 never executed
call   17 never executed
call   18 never executed
call   19 never executed
call   20 never executed
    $$$$$:  192-block  5
call   21 never executed
    $$$$$:  192-block  6
    $$$$$:  192-block  7
call   22 never executed
    $$$$$:  192-block  8
    $$$$$:  192-block  9
call   23 never executed
    $$$$$:  192-block 10
    $$$$$:  192-block 11
call   24 never executed
    $$$$$:  192-block 12
    $$$$$:  192-block 13
call   25 never executed
    $$$$$:  192-block 14
    $$$$$:  192-block 15
call   26 never executed
    $$$$$:  192-block 16
    #####:  193:    assert(service.getAll().size() == 1);
call    0 never executed
branch  1 never executed
branch  2 never executed
    %%%%%:  193-block  0
call    3 never executed
branch  4 never executed
branch  5 never executed
    %%%%%:  193-block  1
call    6 never executed
branch  7 never executed
branch  8 never executed
    %%%%%:  193-block  2
    %%%%%:  193-block  3
    #####:  194:    assert(service.getOferta(0).getDenumire() == "1");
    %%%%%:  194-block  0
call    0 never executed
branch  1 never executed
branch  2 never executed
    %%%%%:  194-block  1
call    3 never executed
branch  4 never executed
branch  5 never executed
    %%%%%:  194-block  2
call    6 never executed
branch  7 never executed
branch  8 never executed
    %%%%%:  194-block  3
call    9 never executed
branch 10 never executed
branch 11 never executed
    %%%%%:  194-block  4
    %%%%%:  194-block  5
    %%%%%:  194-block  6
branch 12 never executed
branch 13 never executed
    %%%%%:  194-block  7
call   14 never executed
    $$$$$:  194-block  8
branch 15 never executed
branch 16 never executed
    $$$$$:  194-block  9
call   17 never executed
    $$$$$:  194-block 10
    #####:  195:    assert(service.size() == 1);
    %%%%%:  195-block  0
call    0 never executed
branch  1 never executed
branch  2 never executed
    %%%%%:  195-block  1
branch  3 never executed
branch  4 never executed
    %%%%%:  195-block  2
call    5 never executed
branch  6 never executed
branch  7 never executed
    %%%%%:  195-block  3
    %%%%%:  195-block  4
    #####:  196:    assert(service.find("1") == 0);
    %%%%%:  196-block  0
call    0 never executed
call    1 never executed
branch  2 never executed
branch  3 never executed
    %%%%%:  196-block  1
call    4 never executed
branch  5 never executed
branch  6 never executed
    %%%%%:  196-block  2
branch  7 never executed
branch  8 never executed
    %%%%%:  196-block  3
call    9 never executed
branch 10 never executed
branch 11 never executed
    %%%%%:  196-block  4
    %%%%%:  196-block  5
    %%%%%:  196-block  6
branch 12 never executed
branch 13 never executed
    %%%%%:  196-block  7
call   14 never executed
    %%%%%:  196-block  8
branch 15 never executed
branch 16 never executed
    %%%%%:  196-block  9
call   17 never executed
    $$$$$:  196-block 10
branch 18 never executed
branch 19 never executed
    $$$$$:  196-block 11
call   20 never executed
    $$$$$:  196-block 12
    $$$$$:  196-block 13
branch 21 never executed
branch 22 never executed
    $$$$$:  196-block 14
call   23 never executed
    $$$$$:  196-block 15
    #####:  197:    service.removeOferta("1",  "2", 2, "2");
    %%%%%:  197-block  0
call    0 never executed
call    1 never executed
branch  2 never executed
branch  3 never executed
    %%%%%:  197-block  1
call    4 never executed
call    5 never executed
branch  6 never executed
branch  7 never executed
    %%%%%:  197-block  2
call    8 never executed
call    9 never executed
branch 10 never executed
branch 11 never executed
    %%%%%:  197-block  3
call   12 never executed
branch 13 never executed
branch 14 never executed
    %%%%%:  197-block  4
call   15 never executed
call   16 never executed
call   17 never executed
call   18 never executed
call   19 never executed
call   20 never executed
    $$$$$:  197-block  5
call   21 never executed
    $$$$$:  197-block  6
    $$$$$:  197-block  7
call   22 never executed
    $$$$$:  197-block  8
    $$$$$:  197-block  9
call   23 never executed
    $$$$$:  197-block 10
    $$$$$:  197-block 11
call   24 never executed
    $$$$$:  197-block 12
    $$$$$:  197-block 13
call   25 never executed
    $$$$$:  197-block 14
    $$$$$:  197-block 15
call   26 never executed
    $$$$$:  197-block 16
        -:  198:
    #####:  199:    service.addOferta("1", "1", 1, "1");
call    0 never executed
call    1 never executed
branch  2 never executed
branch  3 never executed
    %%%%%:  199-block  0
call    4 never executed
call    5 never executed
branch  6 never executed
branch  7 never executed
    %%%%%:  199-block  1
call    8 never executed
call    9 never executed
branch 10 never executed
branch 11 never executed
    %%%%%:  199-block  2
call   12 never executed
branch 13 never executed
branch 14 never executed
    %%%%%:  199-block  3
call   15 never executed
call   16 never executed
call   17 never executed
call   18 never executed
call   19 never executed
call   20 never executed
    $$$$$:  199-block  4
call   21 never executed
    $$$$$:  199-block  5
    $$$$$:  199-block  6
call   22 never executed
    $$$$$:  199-block  7
    $$$$$:  199-block  8
call   23 never executed
    $$$$$:  199-block  9
    $$$$$:  199-block 10
call   24 never executed
    $$$$$:  199-block 11
    $$$$$:  199-block 12
call   25 never executed
    $$$$$:  199-block 13
    $$$$$:  199-block 14
call   26 never executed
    $$$$$:  199-block 15
    #####:  200:    service.addOferta("3", "3", 3, "3");
call    0 never executed
call    1 never executed
branch  2 never executed
branch  3 never executed
    %%%%%:  200-block  0
call    4 never executed
call    5 never executed
branch  6 never executed
branch  7 never executed
    %%%%%:  200-block  1
call    8 never executed
call    9 never executed
branch 10 never executed
branch 11 never executed
    %%%%%:  200-block  2
call   12 never executed
branch 13 never executed
branch 14 never executed
    %%%%%:  200-block  3
call   15 never executed
call   16 never executed
call   17 never executed
call   18 never executed
call   19 never executed
call   20 never executed
    $$$$$:  200-block  4
call   21 never executed
    $$$$$:  200-block  5
    $$$$$:  200-block  6
call   22 never executed
    $$$$$:  200-block  7
    $$$$$:  200-block  8
call   23 never executed
    $$$$$:  200-block  9
    $$$$$:  200-block 10
call   24 never executed
    $$$$$:  200-block 11
    $$$$$:  200-block 12
call   25 never executed
    $$$$$:  200-block 13
    $$$$$:  200-block 14
call   26 never executed
    $$$$$:  200-block 15
    #####:  201:    service.addOferta("2", "2", 2, "2");
call    0 never executed
call    1 never executed
branch  2 never executed
branch  3 never executed
    %%%%%:  201-block  0
call    4 never executed
call    5 never executed
branch  6 never executed
branch  7 never executed
    %%%%%:  201-block  1
call    8 never executed
call    9 never executed
branch 10 never executed
branch 11 never executed
    %%%%%:  201-block  2
call   12 never executed
branch 13 never executed
branch 14 never executed
    %%%%%:  201-block  3
call   15 never executed
call   16 never executed
call   17 never executed
call   18 never executed
call   19 never executed
call   20 never executed
    $$$$$:  201-block  4
call   21 never executed
    $$$$$:  201-block  5
    $$$$$:  201-block  6
call   22 never executed
    $$$$$:  201-block  7
    $$$$$:  201-block  8
call   23 never executed
    $$$$$:  201-block  9
    $$$$$:  201-block 10
call   24 never executed
    $$$$$:  201-block 11
    $$$$$:  201-block 12
call   25 never executed
    $$$$$:  201-block 13
    $$$$$:  201-block 14
call   26 never executed
    $$$$$:  201-block 15
        -:  202:
        -:  203:
    #####:  204:    assert(service.getOferteByDenumire("1").size() == 1);
call    0 never executed
call    1 never executed
branch  2 never executed
branch  3 never executed
    %%%%%:  204-block  0
call    4 never executed
branch  5 never executed
branch  6 never executed
    %%%%%:  204-block  1
call    7 never executed
branch  8 never executed
branch  9 never executed
    %%%%%:  204-block  2
call   10 never executed
branch 11 never executed
branch 12 never executed
    %%%%%:  204-block  3
    %%%%%:  204-block  4
    %%%%%:  204-block  5
branch 13 never executed
branch 14 never executed
    %%%%%:  204-block  6
call   15 never executed
    %%%%%:  204-block  7
branch 16 never executed
branch 17 never executed
    %%%%%:  204-block  8
call   18 never executed
    %%%%%:  204-block  9
branch 19 never executed
branch 20 never executed
    %%%%%:  204-block 10
call   21 never executed
    $$$$$:  204-block 11
branch 22 never executed
branch 23 never executed
    $$$$$:  204-block 12
call   24 never executed
    $$$$$:  204-block 13
    $$$$$:  204-block 14
branch 25 never executed
branch 26 never executed
    $$$$$:  204-block 15
call   27 never executed
    $$$$$:  204-block 16
    $$$$$:  204-block 17
branch 28 never executed
branch 29 never executed
    $$$$$:  204-block 18
call   30 never executed
    $$$$$:  204-block 19
    #####:  205:    assert(service.getOferteByPret(2).size() == 1);
    %%%%%:  205-block  0
call    0 never executed
branch  1 never executed
branch  2 never executed
    %%%%%:  205-block  1
call    3 never executed
branch  4 never executed
branch  5 never executed
    %%%%%:  205-block  2
call    6 never executed
branch  7 never executed
branch  8 never executed
    %%%%%:  205-block  3
    %%%%%:  205-block  4
    %%%%%:  205-block  5
branch  9 never executed
branch 10 never executed
    %%%%%:  205-block  6
call   11 never executed
    $$$$$:  205-block  7
branch 12 never executed
branch 13 never executed
    $$$$$:  205-block  8
call   14 never executed
    $$$$$:  205-block  9
    #####:  206:    assert(service.sortOferteByDenumire(true)[0].getDenumire() == "1");
    %%%%%:  206-block  0
call    0 never executed
branch  1 never executed
branch  2 never executed
    %%%%%:  206-block  1
call    3 never executed
call    4 never executed
branch  5 never executed
branch  6 never executed
    %%%%%:  206-block  2
call    7 never executed
branch  8 never executed
branch  9 never executed
    %%%%%:  206-block  3
call   10 never executed
branch 11 never executed
branch 12 never executed
    %%%%%:  206-block  4
    %%%%%:  206-block  5
    %%%%%:  206-block  6
branch 13 never executed
branch 14 never executed
    %%%%%:  206-block  7
call   15 never executed
    %%%%%:  206-block  8
branch 16 never executed
branch 17 never executed
    %%%%%:  206-block  9
call   18 never executed
    $$$$$:  206-block 10
branch 19 never executed
branch 20 never executed
    $$$$$:  206-block 11
call   21 never executed
    $$$$$:  206-block 12
    $$$$$:  206-block 13
branch 22 never executed
branch 23 never executed
    $$$$$:  206-block 14
call   24 never executed
    $$$$$:  206-block 15
    #####:  207:    assert(service.sortOferteByPret(true)[0].getPret() == 1);
    %%%%%:  207-block  0
call    0 never executed
branch  1 never executed
branch  2 never executed
    %%%%%:  207-block  1
call    3 never executed
call    4 never executed
branch  5 never executed
branch  6 never executed
    %%%%%:  207-block  2
branch  7 never executed
branch  8 never executed
    %%%%%:  207-block  3
call    9 never executed
branch 10 never executed
branch 11 never executed
    %%%%%:  207-block  4
    %%%%%:  207-block  5
    %%%%%:  207-block  6
branch 12 never executed
branch 13 never executed
    %%%%%:  207-block  7
call   14 never executed
    $$$$$:  207-block  8
branch 15 never executed
branch 16 never executed
    $$$$$:  207-block  9
call   17 never executed
    $$$$$:  207-block 10
    #####:  208:    assert(service.sortOferteByDestinatie(true)[0].getDestinatie() == "1");
    %%%%%:  208-block  0
call    0 never executed
branch  1 never executed
branch  2 never executed
    %%%%%:  208-block  1
call    3 never executed
call    4 never executed
branch  5 never executed
branch  6 never executed
    %%%%%:  208-block  2
call    7 never executed
branch  8 never executed
branch  9 never executed
    %%%%%:  208-block  3
call   10 never executed
branch 11 never executed
branch 12 never executed
    %%%%%:  208-block  4
    %%%%%:  208-block  5
    %%%%%:  208-block  6
branch 13 never executed
branch 14 never executed
    %%%%%:  208-block  7
call   15 never executed
    %%%%%:  208-block  8
branch 16 never executed
branch 17 never executed
    %%%%%:  208-block  9
call   18 never executed
    $$$$$:  208-block 10
branch 19 never executed
branch 20 never executed
    $$$$$:  208-block 11
call   21 never executed
    $$$$$:  208-block 12
    $$$$$:  208-block 13
branch 22 never executed
branch 23 never executed
    $$$$$:  208-block 14
call   24 never executed
    $$$$$:  208-block 15
    #####:  209:    assert(service.sortOferteByTip(true)[0].getTip() == "1");
    %%%%%:  209-block  0
call    0 never executed
branch  1 never executed
branch  2 never executed
    %%%%%:  209-block  1
call    3 never executed
call    4 never executed
branch  5 never executed
branch  6 never executed
    %%%%%:  209-block  2
call    7 never executed
branch  8 never executed
branch  9 never executed
    %%%%%:  209-block  3
call   10 never executed
branch 11 never executed
branch 12 never executed
    %%%%%:  209-block  4
    %%%%%:  209-block  5
    %%%%%:  209-block  6
branch 13 never executed
branch 14 never executed
    %%%%%:  209-block  7
call   15 never executed
    %%%%%:  209-block  8
branch 16 never executed
branch 17 never executed
    %%%%%:  209-block  9
call   18 never executed
    $$$$$:  209-block 10
branch 19 never executed
branch 20 never executed
    $$$$$:  209-block 11
call   21 never executed
    $$$$$:  209-block 12
    $$$$$:  209-block 13
branch 22 never executed
branch 23 never executed
    $$$$$:  209-block 14
call   24 never executed
    $$$$$:  209-block 15
    #####:  210:    assert(service.sortOferteByDenumire(false)[0].getDenumire() == "3");
    %%%%%:  210-block  0
call    0 never executed
branch  1 never executed
branch  2 never executed
    %%%%%:  210-block  1
call    3 never executed
call    4 never executed
branch  5 never executed
branch  6 never executed
    %%%%%:  210-block  2
call    7 never executed
branch  8 never executed
branch  9 never executed
    %%%%%:  210-block  3
call   10 never executed
branch 11 never executed
branch 12 never executed
    %%%%%:  210-block  4
    %%%%%:  210-block  5
    %%%%%:  210-block  6
branch 13 never executed
branch 14 never executed
    %%%%%:  210-block  7
call   15 never executed
    %%%%%:  210-block  8
branch 16 never executed
branch 17 never executed
    %%%%%:  210-block  9
call   18 never executed
    $$$$$:  210-block 10
branch 19 never executed
branch 20 never executed
    $$$$$:  210-block 11
call   21 never executed
    $$$$$:  210-block 12
    $$$$$:  210-block 13
branch 22 never executed
branch 23 never executed
    $$$$$:  210-block 14
call   24 never executed
    $$$$$:  210-block 15
    #####:  211:    assert(service.sortOferteByPret(false)[0].getPret() == 3);
    %%%%%:  211-block  0
call    0 never executed
branch  1 never executed
branch  2 never executed
    %%%%%:  211-block  1
call    3 never executed
call    4 never executed
branch  5 never executed
branch  6 never executed
    %%%%%:  211-block  2
branch  7 never executed
branch  8 never executed
    %%%%%:  211-block  3
call    9 never executed
branch 10 never executed
branch 11 never executed
    %%%%%:  211-block  4
    %%%%%:  211-block  5
    %%%%%:  211-block  6
branch 12 never executed
branch 13 never executed
    %%%%%:  211-block  7
call   14 never executed
    $$$$$:  211-block  8
branch 15 never executed
branch 16 never executed
    $$$$$:  211-block  9
call   17 never executed
    $$$$$:  211-block 10
    #####:  212:    assert(service.sortOferteByDestinatie(false)[0].getDestinatie() == "3");
    %%%%%:  212-block  0
call    0 never executed
branch  1 never executed
branch  2 never executed
    %%%%%:  212-block  1
call    3 never executed
call    4 never executed
branch  5 never executed
branch  6 never executed
    %%%%%:  212-block  2
call    7 never executed
branch  8 never executed
branch  9 never executed
    %%%%%:  212-block  3
call   10 never executed
branch 11 never executed
branch 12 never executed
    %%%%%:  212-block  4
    %%%%%:  212-block  5
    %%%%%:  212-block  6
branch 13 never executed
branch 14 never executed
    %%%%%:  212-block  7
call   15 never executed
    %%%%%:  212-block  8
branch 16 never executed
branch 17 never executed
    %%%%%:  212-block  9
call   18 never executed
    $$$$$:  212-block 10
branch 19 never executed
branch 20 never executed
    $$$$$:  212-block 11
call   21 never executed
    $$$$$:  212-block 12
    $$$$$:  212-block 13
branch 22 never executed
branch 23 never executed
    $$$$$:  212-block 14
call   24 never executed
    $$$$$:  212-block 15
    #####:  213:    assert(service.sortOferteByTip(false)[0].getTip() == "3");
    %%%%%:  213-block  0
call    0 never executed
branch  1 never executed
branch  2 never executed
    %%%%%:  213-block  1
call    3 never executed
call    4 never executed
branch  5 never executed
branch  6 never executed
    %%%%%:  213-block  2
call    7 never executed
branch  8 never executed
branch  9 never executed
    %%%%%:  213-block  3
call   10 never executed
branch 11 never executed
branch 12 never executed
    %%%%%:  213-block  4
    %%%%%:  213-block  5
    %%%%%:  213-block  6
branch 13 never executed
branch 14 never executed
    %%%%%:  213-block  7
call   15 never executed
    %%%%%:  213-block  8
branch 16 never executed
branch 17 never executed
    %%%%%:  213-block  9
call   18 never executed
    $$$$$:  213-block 10
branch 19 never executed
branch 20 never executed
    $$$$$:  213-block 11
call   21 never executed
    $$$$$:  213-block 12
    $$$$$:  213-block 13
branch 22 never executed
branch 23 never executed
    $$$$$:  213-block 14
call   24 never executed
    $$$$$:  213-block 15
        -:  214:
    #####:  215:    service.addToWatchlist("1", "1", 1, "1");
    %%%%%:  215-block  0
call    0 never executed
call    1 never executed
branch  2 never executed
branch  3 never executed
    %%%%%:  215-block  1
call    4 never executed
call    5 never executed
branch  6 never executed
branch  7 never executed
    %%%%%:  215-block  2
call    8 never executed
call    9 never executed
branch 10 never executed
branch 11 never executed
    %%%%%:  215-block  3
call   12 never executed
branch 13 never executed
branch 14 never executed
    %%%%%:  215-block  4
call   15 never executed
call   16 never executed
call   17 never executed
call   18 never executed
call   19 never executed
call   20 never executed
    $$$$$:  215-block  5
call   21 never executed
    $$$$$:  215-block  6
    $$$$$:  215-block  7
call   22 never executed
    $$$$$:  215-block  8
    $$$$$:  215-block  9
call   23 never executed
    $$$$$:  215-block 10
    $$$$$:  215-block 11
call   24 never executed
    $$$$$:  215-block 12
    $$$$$:  215-block 13
call   25 never executed
    $$$$$:  215-block 14
    $$$$$:  215-block 15
call   26 never executed
    $$$$$:  215-block 16
        -:  216:    try {
    #####:  217:        service.addToWatchlist("1", "1", 1, "1");
call    0 never executed
call    1 never executed
branch  2 never executed
branch  3 never executed
    %%%%%:  217-block  0
call    4 never executed
call    5 never executed
branch  6 never executed
branch  7 never executed
    %%%%%:  217-block  1
call    8 never executed
call    9 never executed
branch 10 never executed
branch 11 never executed
    %%%%%:  217-block  2
call   12 never executed
branch 13 never executed
branch 14 never executed
    %%%%%:  217-block  3
call   15 never executed
call   16 never executed
call   17 never executed
call   18 never executed
call   19 never executed
call   20 never executed
    $$$$$:  217-block  4
call   21 never executed
    $$$$$:  217-block  5
    $$$$$:  217-block  6
call   22 never executed
    $$$$$:  217-block  7
    $$$$$:  217-block  8
call   23 never executed
    $$$$$:  217-block  9
    $$$$$:  217-block 10
call   24 never executed
    $$$$$:  217-block 11
    $$$$$:  217-block 12
call   25 never executed
    $$$$$:  217-block 13
    $$$$$:  217-block 14
call   26 never executed
    $$$$$:  217-block 15
        -:  218:    }
    =====:  219:    catch (RepositoryException &exception) {
    $$$$$:  219-block  0
branch  0 never executed
branch  1 never executed
    $$$$$:  219-block  1
call    2 never executed
        -:  220:        assert(true);
    =====:  221:    }
call    0 never executed
branch  1 never executed
branch  2 never executed
        -:  222:    try {
    #####:  223:        service.addToWatchlist("", "", -1, "");
    %%%%%:  223-block  0
call    0 never executed
call    1 never executed
branch  2 never executed
branch  3 never executed
    %%%%%:  223-block  1
call    4 never executed
call    5 never executed
branch  6 never executed
branch  7 never executed
    %%%%%:  223-block  2
call    8 never executed
call    9 never executed
branch 10 never executed
branch 11 never executed
    %%%%%:  223-block  3
call   12 never executed
branch 13 never executed
branch 14 never executed
    %%%%%:  223-block  4
call   15 never executed
call   16 never executed
call   17 never executed
call   18 never executed
call   19 never executed
call   20 never executed
    $$$$$:  223-block  5
call   21 never executed
    $$$$$:  223-block  6
    $$$$$:  223-block  7
call   22 never executed
    $$$$$:  223-block  8
    $$$$$:  223-block  9
call   23 never executed
    $$$$$:  223-block 10
    $$$$$:  223-block 11
call   24 never executed
    $$$$$:  223-block 12
    $$$$$:  223-block 13
call   25 never executed
    $$$$$:  223-block 14
    $$$$$:  223-block 15
call   26 never executed
    $$$$$:  223-block 16
        -:  224:    }
    =====:  225:    catch (ValidationException &exception) {
    $$$$$:  225-block  0
branch  0 never executed
branch  1 never executed
    $$$$$:  225-block  1
call    2 never executed
        -:  226:        assert(true);
    =====:  227:    }
call    0 never executed
branch  1 never executed
branch  2 never executed
        -:  228:    try {
    #####:  229:        service.deleteFromWatchlist("2");
    %%%%%:  229-block  0
call    0 never executed
call    1 never executed
branch  2 never executed
branch  3 never executed
    %%%%%:  229-block  1
call    4 never executed
branch  5 never executed
branch  6 never executed
    %%%%%:  229-block  2
call    7 never executed
call    8 never executed
    $$$$$:  229-block  3
call    9 never executed
    $$$$$:  229-block  4
    $$$$$:  229-block  5
call   10 never executed
    $$$$$:  229-block  6
        -:  230:    }
    =====:  231:    catch (RepositoryException &exception) {
    $$$$$:  231-block  0
branch  0 never executed
branch  1 never executed
    $$$$$:  231-block  1
call    2 never executed
        -:  232:        assert(true);
    =====:  233:    }
call    0 never executed
branch  1 never executed
branch  2 never executed
        -:  234:
    #####:  235:    assert(service.getWatchlist().size() == 1);
    %%%%%:  235-block  0
call    0 never executed
branch  1 never executed
branch  2 never executed
    %%%%%:  235-block  1
call    3 never executed
branch  4 never executed
branch  5 never executed
    %%%%%:  235-block  2
call    6 never executed
branch  7 never executed
branch  8 never executed
    %%%%%:  235-block  3
    %%%%%:  235-block  4
    %%%%%:  235-block  5
branch  9 never executed
branch 10 never executed
    %%%%%:  235-block  6
call   11 never executed
    $$$$$:  235-block  7
branch 12 never executed
branch 13 never executed
    $$$$$:  235-block  8
call   14 never executed
    $$$$$:  235-block  9
        -:  236:
    #####:  237:    service.generateWatchlist(2);
    %%%%%:  237-block  0
call    0 never executed
branch  1 never executed
branch  2 never executed
        -:  238:
    #####:  239:    assert(service.getWatchlist().size() == 3);
    %%%%%:  239-block  0
call    0 never executed
branch  1 never executed
branch  2 never executed
    %%%%%:  239-block  1
call    3 never executed
branch  4 never executed
branch  5 never executed
    %%%%%:  239-block  2
call    6 never executed
branch  7 never executed
branch  8 never executed
    %%%%%:  239-block  3
    %%%%%:  239-block  4
    %%%%%:  239-block  5
branch  9 never executed
branch 10 never executed
    %%%%%:  239-block  6
call   11 never executed
    $$$$$:  239-block  7
branch 12 never executed
branch 13 never executed
    $$$$$:  239-block  8
call   14 never executed
    $$$$$:  239-block  9
        -:  240:
    #####:  241:    service.saveWatchlistToFile("testWatchlist");
    %%%%%:  241-block  0
call    0 never executed
call    1 never executed
branch  2 never executed
branch  3 never executed
    %%%%%:  241-block  1
call    4 never executed
branch  5 never executed
branch  6 never executed
    %%%%%:  241-block  2
call    7 never executed
call    8 never executed
    $$$$$:  241-block  3
call    9 never executed
    $$$$$:  241-block  4
    $$$$$:  241-block  5
call   10 never executed
    $$$$$:  241-block  6
        -:  242:
        -:  243:
    #####:  244:    service.removeOferta("3", "2", 2, "2");
call    0 never executed
call    1 never executed
branch  2 never executed
branch  3 never executed
    %%%%%:  244-block  0
call    4 never executed
call    5 never executed
branch  6 never executed
branch  7 never executed
    %%%%%:  244-block  1
call    8 never executed
call    9 never executed
branch 10 never executed
branch 11 never executed
    %%%%%:  244-block  2
call   12 never executed
branch 13 never executed
branch 14 never executed
    %%%%%:  244-block  3
call   15 never executed
call   16 never executed
call   17 never executed
call   18 never executed
call   19 never executed
call   20 never executed
    $$$$$:  244-block  4
call   21 never executed
    $$$$$:  244-block  5
    $$$$$:  244-block  6
call   22 never executed
    $$$$$:  244-block  7
    $$$$$:  244-block  8
call   23 never executed
    $$$$$:  244-block  9
    $$$$$:  244-block 10
call   24 never executed
    $$$$$:  244-block 11
    $$$$$:  244-block 12
call   25 never executed
    $$$$$:  244-block 13
    $$$$$:  244-block 14
call   26 never executed
    $$$$$:  244-block 15
    #####:  245:    service.removeOferta("2", "2", 2, "2");
call    0 never executed
call    1 never executed
branch  2 never executed
branch  3 never executed
    %%%%%:  245-block  0
call    4 never executed
call    5 never executed
branch  6 never executed
branch  7 never executed
    %%%%%:  245-block  1
call    8 never executed
call    9 never executed
branch 10 never executed
branch 11 never executed
    %%%%%:  245-block  2
call   12 never executed
branch 13 never executed
branch 14 never executed
    %%%%%:  245-block  3
call   15 never executed
call   16 never executed
call   17 never executed
call   18 never executed
call   19 never executed
call   20 never executed
    $$$$$:  245-block  4
call   21 never executed
    $$$$$:  245-block  5
    $$$$$:  245-block  6
call   22 never executed
    $$$$$:  245-block  7
    $$$$$:  245-block  8
call   23 never executed
    $$$$$:  245-block  9
    $$$$$:  245-block 10
call   24 never executed
    $$$$$:  245-block 11
    $$$$$:  245-block 12
call   25 never executed
    $$$$$:  245-block 13
    $$$$$:  245-block 14
call   26 never executed
    $$$$$:  245-block 15
    #####:  246:    service.removeOferta("1", "2", 2, "2");
call    0 never executed
call    1 never executed
branch  2 never executed
branch  3 never executed
    %%%%%:  246-block  0
call    4 never executed
call    5 never executed
branch  6 never executed
branch  7 never executed
    %%%%%:  246-block  1
call    8 never executed
call    9 never executed
branch 10 never executed
branch 11 never executed
    %%%%%:  246-block  2
call   12 never executed
branch 13 never executed
branch 14 never executed
    %%%%%:  246-block  3
call   15 never executed
call   16 never executed
call   17 never executed
call   18 never executed
call   19 never executed
call   20 never executed
    $$$$$:  246-block  4
call   21 never executed
    $$$$$:  246-block  5
    $$$$$:  246-block  6
call   22 never executed
    $$$$$:  246-block  7
    $$$$$:  246-block  8
call   23 never executed
    $$$$$:  246-block  9
    $$$$$:  246-block 10
call   24 never executed
    $$$$$:  246-block 11
    $$$$$:  246-block 12
call   25 never executed
    $$$$$:  246-block 13
    $$$$$:  246-block 14
call   26 never executed
    $$$$$:  246-block 15
        -:  247:
    #####:  248:    delete repo;
branch  0 never executed
branch  1 never executed
    %%%%%:  248-block  0
call    2 never executed
    #####:  249:}
    %%%%%:  249-block  0
call    0 never executed
    $$$$$:  249-block  1
call    1 never executed
        -:  250:
function _ZN5Tests8testUndoEv called 0 returned 0% blocks executed 0%
    #####:  251:void Tests::testUndo() {
    #####:  252:    AbsRepo *repo = new OfertaRepoFile("../IORepoTests/testUndo");
    %%%%%:  252-block  0
call    0 never executed
call    1 never executed
branch  2 never executed
branch  3 never executed
    %%%%%:  252-block  1
call    4 never executed
branch  5 never executed
branch  6 never executed
    %%%%%:  252-block  2
call    7 never executed
branch  8 never executed
branch  9 never executed
    %%%%%:  252-block  3
call   10 never executed
call   11 never executed
    $$$$$:  252-block  4
call   12 never executed
    $$$$$:  252-block  5
call   13 never executed
    $$$$$:  252-block  6
    $$$$$:  252-block  7
call   14 never executed
    $$$$$:  252-block  8
        -:  253:    Validator validator;
    #####:  254:    Service service = Service(repo, validator);
call    0 never executed
branch  1 never executed
branch  2 never executed
        -:  255:    try {
    #####:  256:        service.doUndo();
    %%%%%:  256-block  0
call    0 never executed
branch  1 never executed
branch  2 never executed
    #####:  257:        assert(false);
    %%%%%:  257-block  0
call    0 never executed
branch  1 never executed
branch  2 never executed
        -:  258:    }
    =====:  259:    catch (runtime_error &exception) {
    $$$$$:  259-block  0
branch  0 never executed
branch  1 never executed
    $$$$$:  259-block  1
call    2 never executed
        -:  260:        assert(true);
    =====:  261:    }
call    0 never executed
        -:  262:
    #####:  263:    service.addOferta("1", "1", 1, "1");
    %%%%%:  263-block  0
call    0 never executed
call    1 never executed
branch  2 never executed
branch  3 never executed
    %%%%%:  263-block  1
call    4 never executed
call    5 never executed
branch  6 never executed
branch  7 never executed
    %%%%%:  263-block  2
call    8 never executed
call    9 never executed
branch 10 never executed
branch 11 never executed
    %%%%%:  263-block  3
call   12 never executed
branch 13 never executed
branch 14 never executed
    %%%%%:  263-block  4
call   15 never executed
call   16 never executed
call   17 never executed
call   18 never executed
call   19 never executed
call   20 never executed
    $$$$$:  263-block  5
call   21 never executed
    $$$$$:  263-block  6
    $$$$$:  263-block  7
call   22 never executed
    $$$$$:  263-block  8
    $$$$$:  263-block  9
call   23 never executed
    $$$$$:  263-block 10
    $$$$$:  263-block 11
call   24 never executed
    $$$$$:  263-block 12
    $$$$$:  263-block 13
call   25 never executed
    $$$$$:  263-block 14
    $$$$$:  263-block 15
call   26 never executed
    $$$$$:  263-block 16
    #####:  264:    service.addOferta("2", "2", 2, "2");
call    0 never executed
call    1 never executed
branch  2 never executed
branch  3 never executed
    %%%%%:  264-block  0
call    4 never executed
call    5 never executed
branch  6 never executed
branch  7 never executed
    %%%%%:  264-block  1
call    8 never executed
call    9 never executed
branch 10 never executed
branch 11 never executed
    %%%%%:  264-block  2
call   12 never executed
branch 13 never executed
branch 14 never executed
    %%%%%:  264-block  3
call   15 never executed
call   16 never executed
call   17 never executed
call   18 never executed
call   19 never executed
call   20 never executed
    $$$$$:  264-block  4
call   21 never executed
    $$$$$:  264-block  5
    $$$$$:  264-block  6
call   22 never executed
    $$$$$:  264-block  7
    $$$$$:  264-block  8
call   23 never executed
    $$$$$:  264-block  9
    $$$$$:  264-block 10
call   24 never executed
    $$$$$:  264-block 11
    $$$$$:  264-block 12
call   25 never executed
    $$$$$:  264-block 13
    $$$$$:  264-block 14
call   26 never executed
    $$$$$:  264-block 15
    #####:  265:    service.doUndo();
call    0 never executed
branch  1 never executed
branch  2 never executed
        -:  266:
    #####:  267:    service.addOferta("2", "2", 2, "2");
    %%%%%:  267-block  0
call    0 never executed
call    1 never executed
branch  2 never executed
branch  3 never executed
    %%%%%:  267-block  1
call    4 never executed
call    5 never executed
branch  6 never executed
branch  7 never executed
    %%%%%:  267-block  2
call    8 never executed
call    9 never executed
branch 10 never executed
branch 11 never executed
    %%%%%:  267-block  3
call   12 never executed
branch 13 never executed
branch 14 never executed
    %%%%%:  267-block  4
call   15 never executed
call   16 never executed
call   17 never executed
call   18 never executed
call   19 never executed
call   20 never executed
    $$$$$:  267-block  5
call   21 never executed
    $$$$$:  267-block  6
    $$$$$:  267-block  7
call   22 never executed
    $$$$$:  267-block  8
    $$$$$:  267-block  9
call   23 never executed
    $$$$$:  267-block 10
    $$$$$:  267-block 11
call   24 never executed
    $$$$$:  267-block 12
    $$$$$:  267-block 13
call   25 never executed
    $$$$$:  267-block 14
    $$$$$:  267-block 15
call   26 never executed
    $$$$$:  267-block 16
    #####:  268:    service.removeOferta("2", "2", 2, "2");
call    0 never executed
call    1 never executed
branch  2 never executed
branch  3 never executed
    %%%%%:  268-block  0
call    4 never executed
call    5 never executed
branch  6 never executed
branch  7 never executed
    %%%%%:  268-block  1
call    8 never executed
call    9 never executed
branch 10 never executed
branch 11 never executed
    %%%%%:  268-block  2
call   12 never executed
branch 13 never executed
branch 14 never executed
    %%%%%:  268-block  3
call   15 never executed
call   16 never executed
call   17 never executed
call   18 never executed
call   19 never executed
call   20 never executed
    $$$$$:  268-block  4
call   21 never executed
    $$$$$:  268-block  5
    $$$$$:  268-block  6
call   22 never executed
    $$$$$:  268-block  7
    $$$$$:  268-block  8
call   23 never executed
    $$$$$:  268-block  9
    $$$$$:  268-block 10
call   24 never executed
    $$$$$:  268-block 11
    $$$$$:  268-block 12
call   25 never executed
    $$$$$:  268-block 13
    $$$$$:  268-block 14
call   26 never executed
    $$$$$:  268-block 15
    #####:  269:    assert(service.getAll().size() == 1);
call    0 never executed
branch  1 never executed
branch  2 never executed
    %%%%%:  269-block  0
call    3 never executed
branch  4 never executed
branch  5 never executed
    %%%%%:  269-block  1
call    6 never executed
branch  7 never executed
branch  8 never executed
    %%%%%:  269-block  2
    %%%%%:  269-block  3
    #####:  270:    service.doUndo();
    %%%%%:  270-block  0
call    0 never executed
branch  1 never executed
branch  2 never executed
    #####:  271:    assert(service.getAll().size() == 2);
    %%%%%:  271-block  0
call    0 never executed
branch  1 never executed
branch  2 never executed
    %%%%%:  271-block  1
call    3 never executed
branch  4 never executed
branch  5 never executed
    %%%%%:  271-block  2
call    6 never executed
branch  7 never executed
branch  8 never executed
    %%%%%:  271-block  3
    %%%%%:  271-block  4
        -:  272:
    #####:  273:    service.updateOferta("2", "3", 3, "3");
    %%%%%:  273-block  0
call    0 never executed
call    1 never executed
branch  2 never executed
branch  3 never executed
    %%%%%:  273-block  1
call    4 never executed
call    5 never executed
branch  6 never executed
branch  7 never executed
    %%%%%:  273-block  2
call    8 never executed
call    9 never executed
branch 10 never executed
branch 11 never executed
    %%%%%:  273-block  3
call   12 never executed
branch 13 never executed
branch 14 never executed
    %%%%%:  273-block  4
call   15 never executed
call   16 never executed
call   17 never executed
call   18 never executed
call   19 never executed
call   20 never executed
    $$$$$:  273-block  5
call   21 never executed
    $$$$$:  273-block  6
    $$$$$:  273-block  7
call   22 never executed
    $$$$$:  273-block  8
    $$$$$:  273-block  9
call   23 never executed
    $$$$$:  273-block 10
    $$$$$:  273-block 11
call   24 never executed
    $$$$$:  273-block 12
    $$$$$:  273-block 13
call   25 never executed
    $$$$$:  273-block 14
    $$$$$:  273-block 15
call   26 never executed
    $$$$$:  273-block 16
    #####:  274:    assert(service.getOferta(1).getDestinatie() == "3");
call    0 never executed
branch  1 never executed
branch  2 never executed
    %%%%%:  274-block  0
call    3 never executed
branch  4 never executed
branch  5 never executed
    %%%%%:  274-block  1
call    6 never executed
branch  7 never executed
branch  8 never executed
    %%%%%:  274-block  2
call    9 never executed
branch 10 never executed
branch 11 never executed
    %%%%%:  274-block  3
    %%%%%:  274-block  4
    %%%%%:  274-block  5
branch 12 never executed
branch 13 never executed
    %%%%%:  274-block  6
call   14 never executed
    $$$$$:  274-block  7
branch 15 never executed
branch 16 never executed
    $$$$$:  274-block  8
call   17 never executed
    $$$$$:  274-block  9
    #####:  275:    service.doUndo();
    %%%%%:  275-block  0
call    0 never executed
branch  1 never executed
branch  2 never executed
    #####:  276:    assert(service.getOferta(1).getDestinatie() == "2");
    %%%%%:  276-block  0
call    0 never executed
branch  1 never executed
branch  2 never executed
    %%%%%:  276-block  1
call    3 never executed
branch  4 never executed
branch  5 never executed
    %%%%%:  276-block  2
call    6 never executed
branch  7 never executed
branch  8 never executed
    %%%%%:  276-block  3
call    9 never executed
branch 10 never executed
branch 11 never executed
    %%%%%:  276-block  4
    %%%%%:  276-block  5
    %%%%%:  276-block  6
branch 12 never executed
branch 13 never executed
    %%%%%:  276-block  7
call   14 never executed
    $$$$$:  276-block  8
branch 15 never executed
branch 16 never executed
    $$$$$:  276-block  9
call   17 never executed
    $$$$$:  276-block 10
        -:  277:
    #####:  278:    service.doUndo();
    %%%%%:  278-block  0
call    0 never executed
branch  1 never executed
branch  2 never executed
    #####:  279:    service.doUndo();
    %%%%%:  279-block  0
call    0 never executed
branch  1 never executed
branch  2 never executed
    #####:  280:}
    %%%%%:  280-block  0
call    0 never executed
    $$$$$:  280-block  1
call    1 never executed
